<?xml version="1.0" encoding="UTF-8"?>
<!-- Generated by org.testng.reporters.JUnitXMLReporter -->
<testsuite ignored="0" hostname="DESKTOP-R738KVA" failures="1" tests="3" name="Surefire test" time="82.521" errors="0" timestamp="2025-09-09T13:14:25 IST">
  <testcase classname="Base.baseClass" name="@AfterMethod teardown" time="30.025">
    <failure type="com.microsoft.playwright.TimeoutError" message="Error {
  message=&amp;apos;Timeout 30000ms exceeded.
  name=&amp;apos;TimeoutError
  stack=&amp;apos;TimeoutError: Timeout 30000ms exceeded.
    at ProgressController.run (C:\Users\sneha\AppData\Local\Temp\playwright-java-11931754215682027303\package\lib\server\progress.js:65:26)
    at PageDispatcher._runCommand (C:\Users\sneha\AppData\Local\Temp\playwright-java-11931754215682027303\package\lib\server\dispatchers\dispatcher.js:91:31)
    at DispatcherConnection.dispatch (C:\Users\sneha\AppData\Local\Temp\playwright-java-11931754215682027303\package\lib\server\dispatchers\dispatcher.js:322:39)
}
Call log:
-   - taking page screenshot
-   - waiting for fonts to load...
-   - fonts loaded
">
      <![CDATA[com.microsoft.playwright.TimeoutError: Error {
  message='Timeout 30000ms exceeded.
  name='TimeoutError
  stack='TimeoutError: Timeout 30000ms exceeded.
    at ProgressController.run (C:\Users\sneha\AppData\Local\Temp\playwright-java-11931754215682027303\package\lib\server\progress.js:65:26)
    at PageDispatcher._runCommand (C:\Users\sneha\AppData\Local\Temp\playwright-java-11931754215682027303\package\lib\server\dispatchers\dispatcher.js:91:31)
    at DispatcherConnection.dispatch (C:\Users\sneha\AppData\Local\Temp\playwright-java-11931754215682027303\package\lib\server\dispatchers\dispatcher.js:322:39)
}
Call log:
-   - taking page screenshot
-   - waiting for fonts to load...
-   - fonts loaded

at com.microsoft.playwright.impl.WaitableResult.get(WaitableResult.java:52)
at com.microsoft.playwright.impl.ChannelOwner.runUntil(ChannelOwner.java:138)
at com.microsoft.playwright.impl.Connection.sendMessage(Connection.java:131)
at com.microsoft.playwright.impl.ChannelOwner.sendMessage(ChannelOwner.java:124)
at com.microsoft.playwright.impl.PageImpl.screenshotImpl(PageImpl.java:1181)
at com.microsoft.playwright.impl.PageImpl.screenshot(PageImpl.java:1126)
at utlis.screenshot_util.takeScreenshot(screenshot_util.java:17)
at Base.baseClass.teardown(baseClass.java:49)
at java.base/java.util.ArrayList.forEach(ArrayList.java:1541)
Caused by: com.microsoft.playwright.TimeoutError: Error {
  message='Timeout 30000ms exceeded.
  name='TimeoutError
  stack='TimeoutError: Timeout 30000ms exceeded.
    at ProgressController.run (C:\Users\sneha\AppData\Local\Temp\playwright-java-11931754215682027303\package\lib\server\progress.js:65:26)
    at PageDispatcher._runCommand (C:\Users\sneha\AppData\Local\Temp\playwright-java-11931754215682027303\package\lib\server\dispatchers\dispatcher.js:91:31)
    at DispatcherConnection.dispatch (C:\Users\sneha\AppData\Local\Temp\playwright-java-11931754215682027303\package\lib\server\dispatchers\dispatcher.js:322:39)
}
Call log:
-   - taking page screenshot
-   - waiting for fonts to load...
-   - fonts loaded

at com.microsoft.playwright.impl.Connection.dispatch(Connection.java:257)
at com.microsoft.playwright.impl.Connection.processOneMessage(Connection.java:214)
at com.microsoft.playwright.impl.ChannelOwner.runUntil(ChannelOwner.java:136)
... 44 more
... Removed 37 stack frames]]>
    </failure>
  </testcase> <!-- @AfterMethod teardown -->
  <testcase classname="Base.baseClass" name="@BeforeMethod setup" time="0.0">
    <skipped/>
  </testcase> <!-- @BeforeMethod setup -->
  <testcase classname="Base.baseClass" name="@AfterMethod teardown" time="0.0">
    <skipped/>
  </testcase> <!-- @AfterMethod teardown -->
  <testcase classname="Base.baseClass" name="@BeforeMethod setup" time="0.0">
    <skipped/>
  </testcase> <!-- @BeforeMethod setup -->
  <testcase classname="Base.baseClass" name="@AfterMethod teardown" time="0.0">
    <skipped/>
  </testcase> <!-- @AfterMethod teardown -->
  <testcase classname="tests.Orange_website" name="home_page" time="46.622">
    <failure type="com.microsoft.playwright.TimeoutError" message="Error {
  message=&amp;apos;Timeout 30000ms exceeded.
  name=&amp;apos;TimeoutError
  stack=&amp;apos;TimeoutError: Timeout 30000ms exceeded.
    at ProgressController.run (C:\Users\sneha\AppData\Local\Temp\playwright-java-11931754215682027303\package\lib\server\progress.js:65:26)
    at FrameDispatcher._runCommand (C:\Users\sneha\AppData\Local\Temp\playwright-java-11931754215682027303\package\lib\server\dispatchers\dispatcher.js:91:31)
    at DispatcherConnection.dispatch (C:\Users\sneha\AppData\Local\Temp\playwright-java-11931754215682027303\package\lib\server\dispatchers\dispatcher.js:322:39)
}
Call log:
-   - waiting for locator(&amp;quot;Recruitment&amp;quot;)
">
      <![CDATA[com.microsoft.playwright.TimeoutError: Error {
  message='Timeout 30000ms exceeded.
  name='TimeoutError
  stack='TimeoutError: Timeout 30000ms exceeded.
    at ProgressController.run (C:\Users\sneha\AppData\Local\Temp\playwright-java-11931754215682027303\package\lib\server\progress.js:65:26)
    at FrameDispatcher._runCommand (C:\Users\sneha\AppData\Local\Temp\playwright-java-11931754215682027303\package\lib\server\dispatchers\dispatcher.js:91:31)
    at DispatcherConnection.dispatch (C:\Users\sneha\AppData\Local\Temp\playwright-java-11931754215682027303\package\lib\server\dispatchers\dispatcher.js:322:39)
}
Call log:
-   - waiting for locator("Recruitment")

at com.microsoft.playwright.impl.WaitableResult.get(WaitableResult.java:52)
at com.microsoft.playwright.impl.ChannelOwner.runUntil(ChannelOwner.java:138)
at com.microsoft.playwright.impl.Connection.sendMessage(Connection.java:131)
at com.microsoft.playwright.impl.ChannelOwner.sendMessage(ChannelOwner.java:124)
at com.microsoft.playwright.impl.FrameImpl.clickImpl(FrameImpl.java:241)
at com.microsoft.playwright.impl.PageImpl.click(PageImpl.java:680)
at com.microsoft.playwright.Page.click(Page.java:3931)
at tests.Orange_website.home_page(Orange_website.java:20)
at java.base/java.util.ArrayList.forEach(ArrayList.java:1541)
Caused by: com.microsoft.playwright.TimeoutError: Error {
  message='Timeout 30000ms exceeded.
  name='TimeoutError
  stack='TimeoutError: Timeout 30000ms exceeded.
    at ProgressController.run (C:\Users\sneha\AppData\Local\Temp\playwright-java-11931754215682027303\package\lib\server\progress.js:65:26)
    at FrameDispatcher._runCommand (C:\Users\sneha\AppData\Local\Temp\playwright-java-11931754215682027303\package\lib\server\dispatchers\dispatcher.js:91:31)
    at DispatcherConnection.dispatch (C:\Users\sneha\AppData\Local\Temp\playwright-java-11931754215682027303\package\lib\server\dispatchers\dispatcher.js:322:39)
}
Call log:
-   - waiting for locator("Recruitment")

at com.microsoft.playwright.impl.Connection.dispatch(Connection.java:257)
at com.microsoft.playwright.impl.Connection.processOneMessage(Connection.java:214)
at com.microsoft.playwright.impl.ChannelOwner.runUntil(ChannelOwner.java:136)
... 39 more
... Removed 32 stack frames]]>
    </failure>
  </testcase> <!-- home_page -->
  <testcase classname="tests.Orange_website" name="home_page2" time="0.0">
    <skipped/>
  </testcase> <!-- home_page2 -->
  <testcase classname="tests.Orange_website" name="home_page3" time="0.0">
    <skipped/>
  </testcase> <!-- home_page3 -->
</testsuite> <!-- Surefire test -->
