<?xml version="1.0" encoding="UTF-8"?>
<testng-results ignored="0" total="1" passed="1" failed="0" skipped="0">
  <reporter-output>
  </reporter-output>
  <suite started-at="2025-10-10T11:01:05 IST" name="PlaywrightSuite" finished-at="2025-10-10T11:01:16 IST" duration-ms="10521">
    <groups>
    </groups>
    <test started-at="2025-10-10T11:01:05 IST" name="BasicTests" finished-at="2025-10-10T11:01:16 IST" duration-ms="10521">
      <class name="jenkins_playwright.GetBrowser">
        <test-method signature="jenkins(java.lang.String)[pri:0, instance:jenkins_playwright.GetBrowser@2473d930]" started-at="2025-10-10T11:01:05 IST" name="jenkins" finished-at="2025-10-10T11:01:16 IST" duration-ms="10477" status="PASS">
          <params>
            <param index="0">
              <value>
                <![CDATA[webkit]]>
              </value>
            </param>
          </params>
          <reporter-output>
          </reporter-output>
        </test-method> <!-- jenkins -->
      </class> <!-- jenkins_playwright.GetBrowser -->
    </test> <!-- BasicTests -->
  </suite> <!-- PlaywrightSuite -->
</testng-results>
