<?xml version="1.0" encoding="UTF-8"?>
<testng-results ignored="0" total="1" passed="1" failed="0" skipped="0">
  <reporter-output>
  </reporter-output>
  <suite started-at="2025-12-02T11:22:13 IST" name="PlaywrightSuite" finished-at="2025-12-02T11:22:36 IST" duration-ms="22388">
    <groups>
    </groups>
    <test started-at="2025-12-02T11:22:13 IST" name="BasicTests" finished-at="2025-12-02T11:22:36 IST" duration-ms="22388">
      <class name="tests.Try_testing_this">
        <test-method is-config="true" signature="setup()[pri:0, instance:tests.Try_testing_this@1afd44cb]" started-at="2025-12-02T11:22:13 IST" name="setup" finished-at="2025-12-02T11:22:22 IST" duration-ms="8601" status="PASS">
          <reporter-output>
          </reporter-output>
        </test-method> <!-- setup -->
        <test-method signature="testing_elements()[pri:0, instance:tests.Try_testing_this@1afd44cb]" started-at="2025-12-02T11:22:22 IST" name="testing_elements" finished-at="2025-12-02T11:22:35 IST" duration-ms="13150" status="PASS">
          <reporter-output>
          </reporter-output>
        </test-method> <!-- testing_elements -->
        <test-method is-config="true" signature="teardown()[pri:0, instance:tests.Try_testing_this@1afd44cb]" started-at="2025-12-02T11:22:35 IST" name="teardown" finished-at="2025-12-02T11:22:36 IST" duration-ms="483" status="PASS">
          <reporter-output>
          </reporter-output>
        </test-method> <!-- teardown -->
      </class> <!-- tests.Try_testing_this -->
    </test> <!-- BasicTests -->
  </suite> <!-- PlaywrightSuite -->
</testng-results>
