<?xml version="1.0" encoding="UTF-8"?>
<testsuite xmlns:xsi="http://www.w3.org/2001/XMLSchema-instance" xsi:noNamespaceSchemaLocation="https://maven.apache.org/surefire/maven-surefire-plugin/xsd/surefire-test-report-3.0.xsd" version="3.0" name="tests.Orange_website" time="84.299" tests="8" errors="0" skipped="6" failures="2">
  <properties>
[...]
</properties>
  <testcase name="home_page" classname="tests.Orange_website" time="46.638">
    <failure message="Error {&#10;  message=&apos;Timeout 30000ms exceeded.&#10;  name=&apos;TimeoutError&#10;  stack=&apos;TimeoutError: Timeout 30000ms exceeded.&#10;    at ProgressController.run (C:\Users\sneha\AppData\Local\Temp\playwright-java-11931754215682027303\package\lib\server\progress.js:65:26)&#10;    at FrameDispatcher._runCommand (C:\Users\sneha\AppData\Local\Temp\playwright-java-11931754215682027303\package\lib\server\dispatchers\dispatcher.js:91:31)&#10;    at DispatcherConnection.dispatch (C:\Users\sneha\AppData\Local\Temp\playwright-java-11931754215682027303\package\lib\server\dispatchers\dispatcher.js:322:39)&#10;}&#10;Call log:&#10;-   - waiting for locator(&quot;Recruitment&quot;)&#10;" type="com.microsoft.playwright.TimeoutError"><![CDATA[com.microsoft.playwright.TimeoutError: 
Error {
  message='Timeout 30000ms exceeded.
  name='TimeoutError
  stack='TimeoutError: Timeout 30000ms exceeded.
    at ProgressController.run (C:\Users\sneha\AppData\Local\Temp\playwright-java-11931754215682027303\package\lib\server\progress.js:65:26)
    at FrameDispatcher._runCommand (C:\Users\sneha\AppData\Local\Temp\playwright-java-11931754215682027303\package\lib\server\dispatchers\dispatcher.js:91:31)
    at DispatcherConnection.dispatch (C:\Users\sneha\AppData\Local\Temp\playwright-java-11931754215682027303\package\lib\server\dispatchers\dispatcher.js:322:39)
}
Call log:
-   - waiting for locator("Recruitment")

	at com.microsoft.playwright.impl.WaitableResult.get(WaitableResult.java:52)
	at com.microsoft.playwright.impl.ChannelOwner.runUntil(ChannelOwner.java:138)
	at com.microsoft.playwright.impl.Connection.sendMessage(Connection.java:131)
	at com.microsoft.playwright.impl.ChannelOwner.sendMessage(ChannelOwner.java:124)
	at com.microsoft.playwright.impl.FrameImpl.clickImpl(FrameImpl.java:241)
	at com.microsoft.playwright.impl.PageImpl.click(PageImpl.java:680)
	at com.microsoft.playwright.Page.click(Page.java:3931)
	at tests.Orange_website.home_page(Orange_website.java:20)
	at java.base/jdk.internal.reflect.NativeMethodAccessorImpl.invoke0(Native Method)
	at java.base/jdk.internal.reflect.NativeMethodAccessorImpl.invoke(NativeMethodAccessorImpl.java:62)
	at java.base/jdk.internal.reflect.DelegatingMethodAccessorImpl.invoke(DelegatingMethodAccessorImpl.java:43)
	at java.base/java.lang.reflect.Method.invoke(Method.java:566)
	at org.testng.internal.invokers.MethodInvocationHelper.invokeMethod(MethodInvocationHelper.java:141)
	at org.testng.internal.invokers.TestInvoker.invokeMethod(TestInvoker.java:687)
	at org.testng.internal.invokers.TestInvoker.invokeTestMethod(TestInvoker.java:230)
	at org.testng.internal.invokers.MethodRunner.runInSequence(MethodRunner.java:63)
	at org.testng.internal.invokers.TestInvoker$MethodInvocationAgent.invoke(TestInvoker.java:995)
	at org.testng.internal.invokers.TestInvoker.invokeTestMethods(TestInvoker.java:203)
	at org.testng.internal.invokers.TestMethodWorker.invokeTestMethods(TestMethodWorker.java:154)
	at org.testng.internal.invokers.TestMethodWorker.run(TestMethodWorker.java:134)
	at java.base/java.util.ArrayList.forEach(ArrayList.java:1541)
	at org.testng.TestRunner.privateRun(TestRunner.java:741)
	at org.testng.TestRunner.run(TestRunner.java:616)
	at org.testng.SuiteRunner.runTest(SuiteRunner.java:421)
	at org.testng.SuiteRunner.runSequentially(SuiteRunner.java:413)
	at org.testng.SuiteRunner.privateRun(SuiteRunner.java:373)
	at org.testng.SuiteRunner.run(SuiteRunner.java:312)
	at org.testng.SuiteRunnerWorker.runSuite(SuiteRunnerWorker.java:52)
	at org.testng.SuiteRunnerWorker.run(SuiteRunnerWorker.java:95)
	at org.testng.TestNG.runSuitesSequentially(TestNG.java:1274)
	at org.testng.TestNG.runSuitesLocally(TestNG.java:1208)
	at org.testng.TestNG.runSuites(TestNG.java:1112)
	at org.testng.TestNG.run(TestNG.java:1079)
	at org.apache.maven.surefire.testng.TestNGExecutor.run(TestNGExecutor.java:155)
	at org.apache.maven.surefire.testng.TestNGDirectoryTestSuite.executeSingleClass(TestNGDirectoryTestSuite.java:102)
	at org.apache.maven.surefire.testng.TestNGDirectoryTestSuite.execute(TestNGDirectoryTestSuite.java:91)
	at org.apache.maven.surefire.testng.TestNGProvider.invoke(TestNGProvider.java:137)
	at org.apache.maven.surefire.booter.ForkedBooter.runSuitesInProcess(ForkedBooter.java:385)
	at org.apache.maven.surefire.booter.ForkedBooter.execute(ForkedBooter.java:162)
	at org.apache.maven.surefire.booter.ForkedBooter.run(ForkedBooter.java:507)
	at org.apache.maven.surefire.booter.ForkedBooter.main(ForkedBooter.java:495)
Caused by: com.microsoft.playwright.TimeoutError: Error {
  message='Timeout 30000ms exceeded.
  name='TimeoutError
  stack='TimeoutError: Timeout 30000ms exceeded.
    at ProgressController.run (C:\Users\sneha\AppData\Local\Temp\playwright-java-11931754215682027303\package\lib\server\progress.js:65:26)
    at FrameDispatcher._runCommand (C:\Users\sneha\AppData\Local\Temp\playwright-java-11931754215682027303\package\lib\server\dispatchers\dispatcher.js:91:31)
    at DispatcherConnection.dispatch (C:\Users\sneha\AppData\Local\Temp\playwright-java-11931754215682027303\package\lib\server\dispatchers\dispatcher.js:322:39)
}
Call log:
-   - waiting for locator("Recruitment")

	at com.microsoft.playwright.impl.Connection.dispatch(Connection.java:257)
	at com.microsoft.playwright.impl.Connection.processOneMessage(Connection.java:214)
	at com.microsoft.playwright.impl.ChannelOwner.runUntil(ChannelOwner.java:136)
	... 39 more
]]></failure>
    <system-out><![CDATA[launching browser
the page title is: OrangeHRM
]]></system-out>
    <system-err><![CDATA[SLF4J(W): No SLF4J providers were found.
SLF4J(W): Defaulting to no-operation (NOP) logger implementation
SLF4J(W): See https://www.slf4j.org/codes.html#noProviders for further details.
]]></system-err>
  </testcase>
  <testcase name="teardown[[TestResult name=home_page status=FAILURE method=Orange_website.home_page()[pri:0, instance:tests.Orange_website@2cd2a21f] output={null}]](0)" classname="tests.Orange_website" time="76.674">
    <failure message="Error {&#10;  message=&apos;Timeout 30000ms exceeded.&#10;  name=&apos;TimeoutError&#10;  stack=&apos;TimeoutError: Timeout 30000ms exceeded.&#10;    at ProgressController.run (C:\Users\sneha\AppData\Local\Temp\playwright-java-11931754215682027303\package\lib\server\progress.js:65:26)&#10;    at PageDispatcher._runCommand (C:\Users\sneha\AppData\Local\Temp\playwright-java-11931754215682027303\package\lib\server\dispatchers\dispatcher.js:91:31)&#10;    at DispatcherConnection.dispatch (C:\Users\sneha\AppData\Local\Temp\playwright-java-11931754215682027303\package\lib\server\dispatchers\dispatcher.js:322:39)&#10;}&#10;Call log:&#10;-   - taking page screenshot&#10;-   - waiting for fonts to load...&#10;-   - fonts loaded&#10;" type="com.microsoft.playwright.TimeoutError"><![CDATA[com.microsoft.playwright.TimeoutError: 
Error {
  message='Timeout 30000ms exceeded.
  name='TimeoutError
  stack='TimeoutError: Timeout 30000ms exceeded.
    at ProgressController.run (C:\Users\sneha\AppData\Local\Temp\playwright-java-11931754215682027303\package\lib\server\progress.js:65:26)
    at PageDispatcher._runCommand (C:\Users\sneha\AppData\Local\Temp\playwright-java-11931754215682027303\package\lib\server\dispatchers\dispatcher.js:91:31)
    at DispatcherConnection.dispatch (C:\Users\sneha\AppData\Local\Temp\playwright-java-11931754215682027303\package\lib\server\dispatchers\dispatcher.js:322:39)
}
Call log:
-   - taking page screenshot
-   - waiting for fonts to load...
-   - fonts loaded

	at com.microsoft.playwright.impl.WaitableResult.get(WaitableResult.java:52)
	at com.microsoft.playwright.impl.ChannelOwner.runUntil(ChannelOwner.java:138)
	at com.microsoft.playwright.impl.Connection.sendMessage(Connection.java:131)
	at com.microsoft.playwright.impl.ChannelOwner.sendMessage(ChannelOwner.java:124)
	at com.microsoft.playwright.impl.PageImpl.screenshotImpl(PageImpl.java:1181)
	at com.microsoft.playwright.impl.PageImpl.screenshot(PageImpl.java:1126)
	at utlis.screenshot_util.takeScreenshot(screenshot_util.java:17)
	at Base.baseClass.teardown(baseClass.java:49)
	at java.base/jdk.internal.reflect.NativeMethodAccessorImpl.invoke0(Native Method)
	at java.base/jdk.internal.reflect.NativeMethodAccessorImpl.invoke(NativeMethodAccessorImpl.java:62)
	at java.base/jdk.internal.reflect.DelegatingMethodAccessorImpl.invoke(DelegatingMethodAccessorImpl.java:43)
	at java.base/java.lang.reflect.Method.invoke(Method.java:566)
	at org.testng.internal.invokers.MethodInvocationHelper.invokeMethod(MethodInvocationHelper.java:141)
	at org.testng.internal.invokers.MethodInvocationHelper.invokeMethodConsideringTimeout(MethodInvocationHelper.java:71)
	at org.testng.internal.invokers.ConfigInvoker.invokeConfigurationMethod(ConfigInvoker.java:400)
	at org.testng.internal.invokers.ConfigInvoker.invokeConfigurations(ConfigInvoker.java:333)
	at org.testng.internal.invokers.TestInvoker.runConfigMethods(TestInvoker.java:836)
	at org.testng.internal.invokers.TestInvoker.runAfterConfigurations(TestInvoker.java:805)
	at org.testng.internal.invokers.TestInvoker.invokeMethod(TestInvoker.java:781)
	at org.testng.internal.invokers.TestInvoker.invokeTestMethod(TestInvoker.java:230)
	at org.testng.internal.invokers.MethodRunner.runInSequence(MethodRunner.java:63)
	at org.testng.internal.invokers.TestInvoker$MethodInvocationAgent.invoke(TestInvoker.java:995)
	at org.testng.internal.invokers.TestInvoker.invokeTestMethods(TestInvoker.java:203)
	at org.testng.internal.invokers.TestMethodWorker.invokeTestMethods(TestMethodWorker.java:154)
	at org.testng.internal.invokers.TestMethodWorker.run(TestMethodWorker.java:134)
	at java.base/java.util.ArrayList.forEach(ArrayList.java:1541)
	at org.testng.TestRunner.privateRun(TestRunner.java:741)
	at org.testng.TestRunner.run(TestRunner.java:616)
	at org.testng.SuiteRunner.runTest(SuiteRunner.java:421)
	at org.testng.SuiteRunner.runSequentially(SuiteRunner.java:413)
	at org.testng.SuiteRunner.privateRun(SuiteRunner.java:373)
	at org.testng.SuiteRunner.run(SuiteRunner.java:312)
	at org.testng.SuiteRunnerWorker.runSuite(SuiteRunnerWorker.java:52)
	at org.testng.SuiteRunnerWorker.run(SuiteRunnerWorker.java:95)
	at org.testng.TestNG.runSuitesSequentially(TestNG.java:1274)
	at org.testng.TestNG.runSuitesLocally(TestNG.java:1208)
	at org.testng.TestNG.runSuites(TestNG.java:1112)
	at org.testng.TestNG.run(TestNG.java:1079)
	at org.apache.maven.surefire.testng.TestNGExecutor.run(TestNGExecutor.java:155)
	at org.apache.maven.surefire.testng.TestNGDirectoryTestSuite.executeSingleClass(TestNGDirectoryTestSuite.java:102)
	at org.apache.maven.surefire.testng.TestNGDirectoryTestSuite.execute(TestNGDirectoryTestSuite.java:91)
	at org.apache.maven.surefire.testng.TestNGProvider.invoke(TestNGProvider.java:137)
	at org.apache.maven.surefire.booter.ForkedBooter.runSuitesInProcess(ForkedBooter.java:385)
	at org.apache.maven.surefire.booter.ForkedBooter.execute(ForkedBooter.java:162)
	at org.apache.maven.surefire.booter.ForkedBooter.run(ForkedBooter.java:507)
	at org.apache.maven.surefire.booter.ForkedBooter.main(ForkedBooter.java:495)
Caused by: com.microsoft.playwright.TimeoutError: Error {
  message='Timeout 30000ms exceeded.
  name='TimeoutError
  stack='TimeoutError: Timeout 30000ms exceeded.
    at ProgressController.run (C:\Users\sneha\AppData\Local\Temp\playwright-java-11931754215682027303\package\lib\server\progress.js:65:26)
    at PageDispatcher._runCommand (C:\Users\sneha\AppData\Local\Temp\playwright-java-11931754215682027303\package\lib\server\dispatchers\dispatcher.js:91:31)
    at DispatcherConnection.dispatch (C:\Users\sneha\AppData\Local\Temp\playwright-java-11931754215682027303\package\lib\server\dispatchers\dispatcher.js:322:39)
}
Call log:
-   - taking page screenshot
-   - waiting for fonts to load...
-   - fonts loaded

	at com.microsoft.playwright.impl.Connection.dispatch(Connection.java:257)
	at com.microsoft.playwright.impl.Connection.processOneMessage(Connection.java:214)
	at com.microsoft.playwright.impl.ChannelOwner.runUntil(ChannelOwner.java:136)
	... 44 more
]]></failure>
  </testcase>
  <testcase name="setup" classname="tests.Orange_website" time="0.0">
    <skipped/>
  </testcase>
  <testcase name="setup" classname="tests.Orange_website" time="0.0">
    <skipped/>
  </testcase>
  <testcase name="home_page2" classname="tests.Orange_website" time="0.0">
    <skipped message="Error {&#10;  message=&apos;Timeout 30000ms exceeded.&#10;  name=&apos;TimeoutError&#10;  stack=&apos;TimeoutError: Timeout 30000ms exceeded.&#10;    at ProgressController.run (C:\Users\sneha\AppData\Local\Temp\playwright-java-11931754215682027303\package\lib\server\progress.js:65:26)&#10;    at PageDispatcher._runCommand (C:\Users\sneha\AppData\Local\Temp\playwright-java-11931754215682027303\package\lib\server\dispatchers\dispatcher.js:91:31)&#10;    at DispatcherConnection.dispatch (C:\Users\sneha\AppData\Local\Temp\playwright-java-11931754215682027303\package\lib\server\dispatchers\dispatcher.js:322:39)&#10;}&#10;Call log:&#10;-   - taking page screenshot&#10;-   - waiting for fonts to load...&#10;-   - fonts loaded&#10;"/>
  </testcase>
  <testcase name="teardown" classname="tests.Orange_website" time="0.0">
    <skipped/>
  </testcase>
  <testcase name="teardown" classname="tests.Orange_website" time="0.0">
    <skipped/>
  </testcase>
  <testcase name="home_page3" classname="tests.Orange_website" time="0.0">
    <skipped message="Error {&#10;  message=&apos;Timeout 30000ms exceeded.&#10;  name=&apos;TimeoutError&#10;  stack=&apos;TimeoutError: Timeout 30000ms exceeded.&#10;    at ProgressController.run (C:\Users\sneha\AppData\Local\Temp\playwright-java-11931754215682027303\package\lib\server\progress.js:65:26)&#10;    at PageDispatcher._runCommand (C:\Users\sneha\AppData\Local\Temp\playwright-java-11931754215682027303\package\lib\server\dispatchers\dispatcher.js:91:31)&#10;    at DispatcherConnection.dispatch (C:\Users\sneha\AppData\Local\Temp\playwright-java-11931754215682027303\package\lib\server\dispatchers\dispatcher.js:322:39)&#10;}&#10;Call log:&#10;-   - taking page screenshot&#10;-   - waiting for fonts to load...&#10;-   - fonts loaded&#10;"/>
  </testcase>
</testsuite>