<?xml version="1.0" encoding="UTF-8"?>
<testng-results ignored="0" total="1" passed="1" failed="0" skipped="0">
  <reporter-output>
  </reporter-output>
  <suite started-at="2025-09-22T10:55:48 IST" name="Default suite" finished-at="2025-09-22T10:56:07 IST" duration-ms="18249">
    <groups>
    </groups>
    <test started-at="2025-09-22T10:55:48 IST" name="Default test" finished-at="2025-09-22T10:56:07 IST" duration-ms="18249">
      <class name="tests.Try_testing_this">
        <test-method is-config="true" signature="setup()[pri:0, instance:tests.Try_testing_this@34123d65]" started-at="2025-09-22T10:55:48 IST" name="setup" finished-at="2025-09-22T10:55:51 IST" duration-ms="2818" status="PASS">
          <reporter-output>
          </reporter-output>
        </test-method> <!-- setup -->
        <test-method signature="testing_elements()[pri:0, instance:tests.Try_testing_this@34123d65]" started-at="2025-09-22T10:55:51 IST" name="testing_elements" finished-at="2025-09-22T10:56:06 IST" duration-ms="15104" status="PASS">
          <reporter-output>
          </reporter-output>
        </test-method> <!-- testing_elements -->
        <test-method is-config="true" signature="teardown()[pri:0, instance:tests.Try_testing_this@34123d65]" started-at="2025-09-22T10:56:06 IST" name="teardown" finished-at="2025-09-22T10:56:07 IST" duration-ms="267" status="PASS">
          <reporter-output>
          </reporter-output>
        </test-method> <!-- teardown -->
      </class> <!-- tests.Try_testing_this -->
    </test> <!-- Default test -->
  </suite> <!-- Default suite -->
</testng-results>
