<?xml version="1.0" encoding="UTF-8"?>
<!-- Generated by org.testng.reporters.JUnitReportReporter -->
<testsuite hostname="DESKTOP-R738KVA" failures="0" tests="1" name="tests.first_test" time="4.806" errors="1" timestamp="2025-08-11T13:17:13 IST" skipped="0">
  <testcase classname="tests.first_test" name="verify" time="4.806">
    <error message="Error {
  message=&#039;net::ERR_NAME_NOT_RESOLVED at https://my.trade245com/en/dashboard/customer/my-wallet
  name=&#039;Error
  stack=&#039;Error: net::ERR_NAME_NOT_RESOLVED at https://my.trade245com/en/dashboard/customer/my-wallet
    at FrameSession._navigate (C:\Users\sneha\AppData\Local\Temp\playwright-java-6090576810469776399\package\lib\server\chromium\crPage.js:489:13)
    at async Frame.gotoImpl (C:\Users\sneha\AppData\Local\Temp\playwright-java-6090576810469776399\package\lib\server\frames.js:514:28)
}
Call log:
-   - navigating to &quot;https://my.trade245com/en/dashboard/customer/my-wallet&quot;, waiting until &quot;load&quot;
" type="com.microsoft.playwright.PlaywrightException">
      <![CDATA[com.microsoft.playwright.PlaywrightException: Error {
  message='net::ERR_NAME_NOT_RESOLVED at https://my.trade245com/en/dashboard/customer/my-wallet
  name='Error
  stack='Error: net::ERR_NAME_NOT_RESOLVED at https://my.trade245com/en/dashboard/customer/my-wallet
    at FrameSession._navigate (C:\Users\sneha\AppData\Local\Temp\playwright-java-6090576810469776399\package\lib\server\chromium\crPage.js:489:13)
    at async Frame.gotoImpl (C:\Users\sneha\AppData\Local\Temp\playwright-java-6090576810469776399\package\lib\server\frames.js:514:28)
}
Call log:
-   - navigating to "https://my.trade245com/en/dashboard/customer/my-wallet", waiting until "load"

at com.microsoft.playwright.impl.WaitableResult.get(WaitableResult.java:56)
at com.microsoft.playwright.impl.ChannelOwner.runUntil(ChannelOwner.java:138)
at com.microsoft.playwright.impl.Connection.sendMessage(Connection.java:131)
at com.microsoft.playwright.impl.ChannelOwner.sendMessage(ChannelOwner.java:124)
at com.microsoft.playwright.impl.FrameImpl.navigateImpl(FrameImpl.java:419)
at com.microsoft.playwright.impl.PageImpl.navigate(PageImpl.java:918)
at com.microsoft.playwright.impl.PageImpl.navigate(PageImpl.java:42)
at com.microsoft.playwright.Page.navigate(Page.java:5491)
at tests.first_test.verify(first_test.java:11)
at java.base/jdk.internal.reflect.DirectMethodHandleAccessor.invoke(DirectMethodHandleAccessor.java:103)
at java.base/java.lang.reflect.Method.invoke(Method.java:580)
at org.testng.internal.invokers.MethodInvocationHelper.invokeMethod(MethodInvocationHelper.java:141)
at org.testng.internal.invokers.TestInvoker.invokeMethod(TestInvoker.java:687)
at org.testng.internal.invokers.TestInvoker.invokeTestMethod(TestInvoker.java:230)
at org.testng.internal.invokers.MethodRunner.runInSequence(MethodRunner.java:63)
at org.testng.internal.invokers.TestInvoker$MethodInvocationAgent.invoke(TestInvoker.java:995)
at org.testng.internal.invokers.TestInvoker.invokeTestMethods(TestInvoker.java:203)
at org.testng.internal.invokers.TestMethodWorker.invokeTestMethods(TestMethodWorker.java:154)
at org.testng.internal.invokers.TestMethodWorker.run(TestMethodWorker.java:134)
at java.base/java.util.ArrayList.forEach(ArrayList.java:1596)
at org.testng.TestRunner.privateRun(TestRunner.java:741)
at org.testng.TestRunner.run(TestRunner.java:616)
at org.testng.SuiteRunner.runTest(SuiteRunner.java:421)
at org.testng.SuiteRunner.runSequentially(SuiteRunner.java:413)
at org.testng.SuiteRunner.privateRun(SuiteRunner.java:373)
at org.testng.SuiteRunner.run(SuiteRunner.java:312)
at org.testng.SuiteRunnerWorker.runSuite(SuiteRunnerWorker.java:52)
at org.testng.SuiteRunnerWorker.run(SuiteRunnerWorker.java:95)
at org.testng.TestNG.runSuitesSequentially(TestNG.java:1274)
at org.testng.TestNG.runSuitesLocally(TestNG.java:1208)
at org.testng.TestNG.runSuites(TestNG.java:1112)
at org.testng.TestNG.run(TestNG.java:1079)
at org.testng.remote.AbstractRemoteTestNG.run(AbstractRemoteTestNG.java:115)
at org.testng.remote.RemoteTestNG.initAndRun(RemoteTestNG.java:293)
at org.testng.remote.RemoteTestNG.main(RemoteTestNG.java:91)
Caused by: com.microsoft.playwright.impl.DriverException: Error {
  message='net::ERR_NAME_NOT_RESOLVED at https://my.trade245com/en/dashboard/customer/my-wallet
  name='Error
  stack='Error: net::ERR_NAME_NOT_RESOLVED at https://my.trade245com/en/dashboard/customer/my-wallet
    at FrameSession._navigate (C:\Users\sneha\AppData\Local\Temp\playwright-java-6090576810469776399\package\lib\server\chromium\crPage.js:489:13)
    at async Frame.gotoImpl (C:\Users\sneha\AppData\Local\Temp\playwright-java-6090576810469776399\package\lib\server\frames.js:514:28)
}
Call log:
-   - navigating to "https://my.trade245com/en/dashboard/customer/my-wallet", waiting until "load"

at com.microsoft.playwright.impl.Connection.dispatch(Connection.java:262)
at com.microsoft.playwright.impl.Connection.processOneMessage(Connection.java:214)
at com.microsoft.playwright.impl.ChannelOwner.runUntil(ChannelOwner.java:136)
... 33 more
]]>
    </error>
  </testcase> <!-- verify -->
</testsuite> <!-- tests.first_test -->
