<?xml version="1.0" encoding="UTF-8"?>
<!-- Generated by org.testng.reporters.JUnitReportReporter -->
<testsuite hostname="DESKTOP-R738KVA" failures="0" tests="1" name="tests.Orange_website" time="18.929" errors="1" timestamp="2025-09-11T13:31:00 IST" skipped="0">
  <testcase classname="tests.Orange_website" name="home_page" time="18.929">
    <error message="Error {
  message=&#039;Error: strict mode violation: locator(&quot;div[class=&#039;oxd-select-text oxd-select-text--active&#039;]&quot;) resolved to 2 elements:
    1) &lt;div data-v-67d2aedf=&quot;&quot; data-v-13cf171c=&quot;&quot; class=&quot;oxd-select-text oxd-select-text--active&quot;&gt;…&lt;/div&gt; aka locator(&quot;.oxd-select-text&quot;).first()
    2) &lt;div data-v-67d2aedf=&quot;&quot; data-v-13cf171c=&quot;&quot; class=&quot;oxd-select-text oxd-select-text--active&quot;&gt;…&lt;/div&gt; aka locator(&quot;div:nth-child(3) &gt; .oxd-input-group &gt; div:nth-child(2) &gt; .oxd-select-wrapper &gt; .oxd-select-text&quot;)

  name=&#039;Error
  stack=&#039;Error: Error: strict mode violation: locator(&quot;div[class=&#039;oxd-select-text oxd-select-text--active&#039;]&quot;) resolved to 2 elements:
    1) &lt;div data-v-67d2aedf=&quot;&quot; data-v-13cf171c=&quot;&quot; class=&quot;oxd-select-text oxd-select-text--active&quot;&gt;…&lt;/div&gt; aka locator(&quot;.oxd-select-text&quot;).first()
    2) &lt;div data-v-67d2aedf=&quot;&quot; data-v-13cf171c=&quot;&quot; class=&quot;oxd-select-text oxd-select-text--active&quot;&gt;…&lt;/div&gt; aka locator(&quot;div:nth-child(3) &gt; .oxd-input-group &gt; div:nth-child(2) &gt; .oxd-select-wrapper &gt; .oxd-select-text&quot;)

    at CRExecutionContext.evaluateWithArguments (C:\Users\sneha\AppData\Local\Temp\playwright-java-10383119024864990834\package\lib\server\chromium\crExecutionContext.js:80:13)
    at async LongStandingScope._race (C:\Users\sneha\AppData\Local\Temp\playwright-java-10383119024864990834\package\lib\utils\isomorphic\manualPromise.js:94:14)
    at async evaluateExpression (C:\Users\sneha\AppData\Local\Temp\playwright-java-10383119024864990834\package\lib\server\javascript.js:217:12)
    at async C:\Users\sneha\AppData\Local\Temp\playwright-java-10383119024864990834\package\lib\server\frames.js:901:22
    at async Frame.retryWithProgressAndTimeouts (C:\Users\sneha\AppData\Local\Temp\playwright-java-10383119024864990834\package\lib\server\frames.js:871:24)
    at async Frame.selectOption (C:\Users\sneha\AppData\Local\Temp\playwright-java-10383119024864990834\package\lib\server\frames.js:1099:12)
    at async FrameDispatcher.selectOption (C:\Users\sneha\AppData\Local\Temp\playwright-java-10383119024864990834\package\lib\server\dispatchers\frameDispatcher.js:181:22)
    at async ProgressController.run (C:\Users\sneha\AppData\Local\Temp\playwright-java-10383119024864990834\package\lib\server\progress.js:139:41)
    at async FrameDispatcher._runCommand (C:\Users\sneha\AppData\Local\Temp\playwright-java-10383119024864990834\package\lib\server\dispatchers\dispatcher.js:91:14)
    at async DispatcherConnection.dispatch (C:\Users\sneha\AppData\Local\Temp\playwright-java-10383119024864990834\package\lib\server\dispatchers\dispatcher.js:322:22)
}
Call log:
-   - waiting for locator(&quot;div[class=&#039;oxd-select-text oxd-select-text--active&#039;]&quot;)
" type="com.microsoft.playwright.PlaywrightException">
      <![CDATA[com.microsoft.playwright.PlaywrightException: Error {
  message='Error: strict mode violation: locator("div[class='oxd-select-text oxd-select-text--active']") resolved to 2 elements:
    1) <div data-v-67d2aedf="" data-v-13cf171c="" class="oxd-select-text oxd-select-text--active">…</div> aka locator(".oxd-select-text").first()
    2) <div data-v-67d2aedf="" data-v-13cf171c="" class="oxd-select-text oxd-select-text--active">…</div> aka locator("div:nth-child(3) > .oxd-input-group > div:nth-child(2) > .oxd-select-wrapper > .oxd-select-text")

  name='Error
  stack='Error: Error: strict mode violation: locator("div[class='oxd-select-text oxd-select-text--active']") resolved to 2 elements:
    1) <div data-v-67d2aedf="" data-v-13cf171c="" class="oxd-select-text oxd-select-text--active">…</div> aka locator(".oxd-select-text").first()
    2) <div data-v-67d2aedf="" data-v-13cf171c="" class="oxd-select-text oxd-select-text--active">…</div> aka locator("div:nth-child(3) > .oxd-input-group > div:nth-child(2) > .oxd-select-wrapper > .oxd-select-text")

    at CRExecutionContext.evaluateWithArguments (C:\Users\sneha\AppData\Local\Temp\playwright-java-10383119024864990834\package\lib\server\chromium\crExecutionContext.js:80:13)
    at async LongStandingScope._race (C:\Users\sneha\AppData\Local\Temp\playwright-java-10383119024864990834\package\lib\utils\isomorphic\manualPromise.js:94:14)
    at async evaluateExpression (C:\Users\sneha\AppData\Local\Temp\playwright-java-10383119024864990834\package\lib\server\javascript.js:217:12)
    at async C:\Users\sneha\AppData\Local\Temp\playwright-java-10383119024864990834\package\lib\server\frames.js:901:22
    at async Frame.retryWithProgressAndTimeouts (C:\Users\sneha\AppData\Local\Temp\playwright-java-10383119024864990834\package\lib\server\frames.js:871:24)
    at async Frame.selectOption (C:\Users\sneha\AppData\Local\Temp\playwright-java-10383119024864990834\package\lib\server\frames.js:1099:12)
    at async FrameDispatcher.selectOption (C:\Users\sneha\AppData\Local\Temp\playwright-java-10383119024864990834\package\lib\server\dispatchers\frameDispatcher.js:181:22)
    at async ProgressController.run (C:\Users\sneha\AppData\Local\Temp\playwright-java-10383119024864990834\package\lib\server\progress.js:139:41)
    at async FrameDispatcher._runCommand (C:\Users\sneha\AppData\Local\Temp\playwright-java-10383119024864990834\package\lib\server\dispatchers\dispatcher.js:91:14)
    at async DispatcherConnection.dispatch (C:\Users\sneha\AppData\Local\Temp\playwright-java-10383119024864990834\package\lib\server\dispatchers\dispatcher.js:322:22)
}
Call log:
-   - waiting for locator("div[class='oxd-select-text oxd-select-text--active']")

at com.microsoft.playwright.impl.WaitableResult.get(WaitableResult.java:56)
at com.microsoft.playwright.impl.ChannelOwner.runUntil(ChannelOwner.java:138)
at com.microsoft.playwright.impl.Connection.sendMessage(Connection.java:131)
at com.microsoft.playwright.impl.ChannelOwner.sendMessage(ChannelOwner.java:124)
at com.microsoft.playwright.impl.FrameImpl.selectOption(FrameImpl.java:678)
at com.microsoft.playwright.impl.FrameImpl.selectOptionImpl(FrameImpl.java:657)
at com.microsoft.playwright.impl.FrameImpl.selectOption(FrameImpl.java:120)
at com.microsoft.playwright.impl.FrameImpl.selectOption(FrameImpl.java:109)
at com.microsoft.playwright.impl.LocatorImpl.selectOption(LocatorImpl.java:497)
at com.microsoft.playwright.Locator.selectOption(Locator.java:4486)
at pages.directory.directory_form(directory.java:22)
at tests.Orange_website.home_page(Orange_website.java:21)
at java.base/jdk.internal.reflect.DirectMethodHandleAccessor.invoke(DirectMethodHandleAccessor.java:103)
at java.base/java.lang.reflect.Method.invoke(Method.java:580)
at org.testng.internal.invokers.MethodInvocationHelper.invokeMethod(MethodInvocationHelper.java:141)
at org.testng.internal.invokers.TestInvoker.invokeMethod(TestInvoker.java:687)
at org.testng.internal.invokers.TestInvoker.invokeTestMethod(TestInvoker.java:230)
at org.testng.internal.invokers.MethodRunner.runInSequence(MethodRunner.java:63)
at org.testng.internal.invokers.TestInvoker$MethodInvocationAgent.invoke(TestInvoker.java:995)
at org.testng.internal.invokers.TestInvoker.invokeTestMethods(TestInvoker.java:203)
at org.testng.internal.invokers.TestMethodWorker.invokeTestMethods(TestMethodWorker.java:154)
at org.testng.internal.invokers.TestMethodWorker.run(TestMethodWorker.java:134)
at java.base/java.util.ArrayList.forEach(ArrayList.java:1596)
at org.testng.TestRunner.privateRun(TestRunner.java:741)
at org.testng.TestRunner.run(TestRunner.java:616)
at org.testng.SuiteRunner.runTest(SuiteRunner.java:421)
at org.testng.SuiteRunner.runSequentially(SuiteRunner.java:413)
at org.testng.SuiteRunner.privateRun(SuiteRunner.java:373)
at org.testng.SuiteRunner.run(SuiteRunner.java:312)
at org.testng.SuiteRunnerWorker.runSuite(SuiteRunnerWorker.java:52)
at org.testng.SuiteRunnerWorker.run(SuiteRunnerWorker.java:95)
at org.testng.TestNG.runSuitesSequentially(TestNG.java:1274)
at org.testng.TestNG.runSuitesLocally(TestNG.java:1208)
at org.testng.TestNG.runSuites(TestNG.java:1112)
at org.testng.TestNG.run(TestNG.java:1079)
at org.testng.remote.AbstractRemoteTestNG.run(AbstractRemoteTestNG.java:115)
at org.testng.remote.RemoteTestNG.initAndRun(RemoteTestNG.java:293)
at org.testng.remote.RemoteTestNG.main(RemoteTestNG.java:91)
Caused by: com.microsoft.playwright.impl.DriverException: Error {
  message='Error: strict mode violation: locator("div[class='oxd-select-text oxd-select-text--active']") resolved to 2 elements:
    1) <div data-v-67d2aedf="" data-v-13cf171c="" class="oxd-select-text oxd-select-text--active">…</div> aka locator(".oxd-select-text").first()
    2) <div data-v-67d2aedf="" data-v-13cf171c="" class="oxd-select-text oxd-select-text--active">…</div> aka locator("div:nth-child(3) > .oxd-input-group > div:nth-child(2) > .oxd-select-wrapper > .oxd-select-text")

  name='Error
  stack='Error: Error: strict mode violation: locator("div[class='oxd-select-text oxd-select-text--active']") resolved to 2 elements:
    1) <div data-v-67d2aedf="" data-v-13cf171c="" class="oxd-select-text oxd-select-text--active">…</div> aka locator(".oxd-select-text").first()
    2) <div data-v-67d2aedf="" data-v-13cf171c="" class="oxd-select-text oxd-select-text--active">…</div> aka locator("div:nth-child(3) > .oxd-input-group > div:nth-child(2) > .oxd-select-wrapper > .oxd-select-text")

    at CRExecutionContext.evaluateWithArguments (C:\Users\sneha\AppData\Local\Temp\playwright-java-10383119024864990834\package\lib\server\chromium\crExecutionContext.js:80:13)
    at async LongStandingScope._race (C:\Users\sneha\AppData\Local\Temp\playwright-java-10383119024864990834\package\lib\utils\isomorphic\manualPromise.js:94:14)
    at async evaluateExpression (C:\Users\sneha\AppData\Local\Temp\playwright-java-10383119024864990834\package\lib\server\javascript.js:217:12)
    at async C:\Users\sneha\AppData\Local\Temp\playwright-java-10383119024864990834\package\lib\server\frames.js:901:22
    at async Frame.retryWithProgressAndTimeouts (C:\Users\sneha\AppData\Local\Temp\playwright-java-10383119024864990834\package\lib\server\frames.js:871:24)
    at async Frame.selectOption (C:\Users\sneha\AppData\Local\Temp\playwright-java-10383119024864990834\package\lib\server\frames.js:1099:12)
    at async FrameDispatcher.selectOption (C:\Users\sneha\AppData\Local\Temp\playwright-java-10383119024864990834\package\lib\server\dispatchers\frameDispatcher.js:181:22)
    at async ProgressController.run (C:\Users\sneha\AppData\Local\Temp\playwright-java-10383119024864990834\package\lib\server\progress.js:139:41)
    at async FrameDispatcher._runCommand (C:\Users\sneha\AppData\Local\Temp\playwright-java-10383119024864990834\package\lib\server\dispatchers\dispatcher.js:91:14)
    at async DispatcherConnection.dispatch (C:\Users\sneha\AppData\Local\Temp\playwright-java-10383119024864990834\package\lib\server\dispatchers\dispatcher.js:322:22)
}
Call log:
-   - waiting for locator("div[class='oxd-select-text oxd-select-text--active']")

at com.microsoft.playwright.impl.Connection.dispatch(Connection.java:262)
at com.microsoft.playwright.impl.Connection.processOneMessage(Connection.java:214)
at com.microsoft.playwright.impl.ChannelOwner.runUntil(ChannelOwner.java:136)
... 36 more
]]>
    </error>
  </testcase> <!-- home_page -->
</testsuite> <!-- tests.Orange_website -->
